--------------------
2018-07-21 11:12:13 - Exception on message: <karelia.Packet object at 0x7f2909546b38>:
Traceback (most recent call last):
  File "firebot.py", line 20, in <module>
    if firebot.parse().type == 'send-event':
  File "/usr/lib/python3.6/site-packages/karelia.py", line 231, in parse
    incoming = self.conn.recv()
  File "/usr/lib/python3.6/site-packages/websocket/_core.py", line 300, in recv
    opcode, data = self.recv_data()
  File "/usr/lib/python3.6/site-packages/websocket/_core.py", line 317, in recv_data
    opcode, frame = self.recv_data_frame(control_frame)
  File "/usr/lib/python3.6/site-packages/websocket/_core.py", line 330, in recv_data_frame
    frame = self.recv_frame()
  File "/usr/lib/python3.6/site-packages/websocket/_core.py", line 364, in recv_frame
    return self.frame_buffer.recv_frame()
  File "/usr/lib/python3.6/site-packages/websocket/_abnf.py", line 361, in recv_frame
    self.recv_header()
  File "/usr/lib/python3.6/site-packages/websocket/_abnf.py", line 309, in recv_header
    header = self.recv_strict(2)
  File "/usr/lib/python3.6/site-packages/websocket/_abnf.py", line 396, in recv_strict
    bytes_ = self.recv(min(16384, shortage))
  File "/usr/lib/python3.6/site-packages/websocket/_core.py", line 434, in _recv
    return recv(self.sock, bufsize)
  File "/usr/lib/python3.6/site-packages/websocket/_socket.py", line 81, in recv
    bytes_ = sock.recv(bufsize)
  File "/usr/lib/python3.6/ssl.py", line 994, in recv
    return self.read(buflen)
  File "/usr/lib/python3.6/ssl.py", line 871, in read
    return self._sslobj.read(len, buffer)
  File "/usr/lib/python3.6/ssl.py", line 633, in read
    v = self._sslobj.read(len)
KeyboardInterrupt


--------------------
2018-07-22 06:24:32 - Exception on message: <karelia.Packet object at 0x7f842e0fed30>:
Traceback (most recent call last):
  File "firebot.py", line 20, in <module>
    if firebot.parse().type == 'send-event':
  File "/usr/lib/python3.6/site-packages/karelia.py", line 238, in parse
    'data': {'time': packet.data.time}}))
  File "/usr/lib/python3.6/site-packages/websocket/_core.py", line 240, in send
    return self.send_frame(frame)
  File "/usr/lib/python3.6/site-packages/websocket/_core.py", line 265, in send_frame
    l = self._send(data)
  File "/usr/lib/python3.6/site-packages/websocket/_core.py", line 430, in _send
    return send(self.sock, data)
  File "/usr/lib/python3.6/site-packages/websocket/_socket.py", line 117, in send
    return sock.send(data)
  File "/usr/lib/python3.6/ssl.py", line 941, in send
    return self._sslobj.write(data)
  File "/usr/lib/python3.6/ssl.py", line 642, in write
    return self._sslobj.write(data)
BrokenPipeError: [Errno 32] Broken pipe


--------------------
2018-07-22 19:17:42 - Exception on message: <karelia.Packet object at 0x7f047dc83630>:
Traceback (most recent call last):
  File "firebot.py", line 20, in <module>
    if firebot.parse().type == 'send-event':
  File "/usr/lib/python3.6/site-packages/karelia.py", line 238, in parse
    'data': {'time': packet.data.time}}))
  File "/usr/lib/python3.6/site-packages/websocket/_core.py", line 240, in send
    return self.send_frame(frame)
  File "/usr/lib/python3.6/site-packages/websocket/_core.py", line 265, in send_frame
    l = self._send(data)
  File "/usr/lib/python3.6/site-packages/websocket/_core.py", line 430, in _send
    return send(self.sock, data)
  File "/usr/lib/python3.6/site-packages/websocket/_socket.py", line 117, in send
    return sock.send(data)
  File "/usr/lib/python3.6/ssl.py", line 941, in send
    return self._sslobj.write(data)
  File "/usr/lib/python3.6/ssl.py", line 642, in write
    return self._sslobj.write(data)
BrokenPipeError: [Errno 32] Broken pipe


--------------------
2018-07-22 19:53:01 - Exception on message: <karelia.Packet object at 0x7f047dc83e48>:
Traceback (most recent call last):
  File "firebot.py", line 20, in <module>
    if firebot.parse().type == 'send-event':
  File "/usr/lib/python3.6/site-packages/karelia.py", line 238, in parse
    'data': {'time': packet.data.time}}))
  File "/usr/lib/python3.6/site-packages/websocket/_core.py", line 240, in send
    return self.send_frame(frame)
  File "/usr/lib/python3.6/site-packages/websocket/_core.py", line 265, in send_frame
    l = self._send(data)
  File "/usr/lib/python3.6/site-packages/websocket/_core.py", line 430, in _send
    return send(self.sock, data)
  File "/usr/lib/python3.6/site-packages/websocket/_socket.py", line 117, in send
    return sock.send(data)
  File "/usr/lib/python3.6/ssl.py", line 941, in send
    return self._sslobj.write(data)
  File "/usr/lib/python3.6/ssl.py", line 642, in write
    return self._sslobj.write(data)
BrokenPipeError: [Errno 32] Broken pipe


--------------------
2018-07-23 01:59:28 - Exception on message: <karelia.Packet object at 0x7f047d50f048>:
Traceback (most recent call last):
  File "firebot.py", line 20, in <module>
    if firebot.parse().type == 'send-event':
  File "/usr/lib/python3.6/site-packages/karelia.py", line 283, in parse
    sys.exit(0)
SystemExit: 0


--------------------
2018-07-23 07:52:10 - Exception on message: <karelia.Packet object at 0x7f047d50f390>:
Traceback (most recent call last):
  File "firebot.py", line 20, in <module>
    if firebot.parse().type == 'send-event':
  File "/usr/lib/python3.6/site-packages/karelia.py", line 283, in parse
    sys.exit(0)
SystemExit: 0


